2022-04-05 23:31:06,544 INFO org.springframework.boot.web.embedded.jetty.JettyServletWebServerFactory [main] Server initialized with port: 8090
2022-04-05 23:31:06,544 INFO org.eclipse.jetty.server.Server [main] jetty-9.4.29.v20200521; built: 2020-05-21T17:20:40.598Z; git: 77c232aed8a45c818fd27232278d9f95a021095e; jvm 1.8.0_202-b08
2022-04-05 23:31:06,561 INFO org.eclipse.jetty.server.handler.ContextHandler.application [main] Initializing Spring embedded WebApplicationContext
2022-04-05 23:31:06,561 INFO org.springframework.boot.web.servlet.context.ServletWebServerApplicationContext [main] Root WebApplicationContext: initialization completed in 777 ms
2022-04-05 23:31:06,629 INFO org.eclipse.jetty.server.session [main] DefaultSessionIdManager workerName=node0
2022-04-05 23:31:06,629 INFO org.eclipse.jetty.server.session [main] No SessionScavenger set, using defaults
2022-04-05 23:31:06,639 INFO org.eclipse.jetty.server.session [main] node0 Scavenging every 600000ms
2022-04-05 23:31:06,639 INFO org.eclipse.jetty.server.handler.ContextHandler [main] Started o.s.b.w.e.j.JettyEmbeddedWebAppContext@49298ce7{application,/,[file:///C:/Users/Hossam/AppData/Local/Temp/jetty-docbase.1262759832888819469.8090/],AVAILABLE}
2022-04-05 23:31:06,639 INFO org.eclipse.jetty.server.Server [main] Started @1869ms
2022-04-05 23:31:06,704 INFO com.solacesystems.jcsmp.protocol.impl.TcpClientChannel [main] Client-1: Connecting to host 'orig=tcp://localhost:55554, scheme=tcp://, host=localhost, port=55554' (host 1 of 1, smfclient 1, attempt 1 of 1, this_host_attempt: 1 of 6)
2022-04-05 23:31:06,722 INFO com.solacesystems.jcsmp.impl.JCSMPBasicSession [main] Client-1: AdCtrl version changes: 2->4
2022-04-05 23:31:06,725 INFO com.solacesystems.jcsmp.protocol.impl.TcpClientChannel [main] Client-1: Connected to host 'orig=tcp://localhost:55554, scheme=tcp://, host=localhost, port=55554' (smfclient 1)
2022-04-05 23:31:06,838 INFO com.solacesystems.jcsmp.impl.SessionModeSupport [main] Client-1: (Client name: Deep-Blue/28432/00b20001/isGMCVRcdH   Local addr: 127.0.0.1 Local port: 62887   Remote addr: localhost  Remote port: 55554) - Error Response (400) - Already Exists
2022-04-05 23:31:06,941 INFO org.springframework.scheduling.concurrent.ThreadPoolTaskExecutor [main] Initializing ExecutorService 'applicationTaskExecutor'
2022-04-05 23:31:07,115 INFO org.eclipse.jetty.server.handler.ContextHandler.application [main] Initializing Spring DispatcherServlet 'dispatcherServlet'
2022-04-05 23:31:07,115 INFO org.springframework.web.servlet.DispatcherServlet [main] Initializing Servlet 'dispatcherServlet'
2022-04-05 23:31:07,115 INFO org.springframework.web.servlet.DispatcherServlet [main] Completed initialization in 0 ms
2022-04-05 23:31:07,135 INFO org.eclipse.jetty.server.AbstractConnector [main] Started ServerConnector@f8908f6{HTTP/1.1, (http/1.1)}{0.0.0.0:8090}
2022-04-05 23:31:07,135 INFO org.springframework.boot.web.embedded.jetty.JettyWebServer [main] Jetty started on port(s) 8090 (http/1.1) with context path '/'
2022-04-05 23:31:07,146 INFO com.ek.cab.prototype.application.EkSolaceSpringJcsmpApplication [main] Started EkSolaceSpringJcsmpApplication in 1.706 seconds (JVM running for 2.371)
2022-04-05 23:31:07,146 INFO com.ek.cab.prototype.application.EkSolaceSpringJcsmpApplication [main] start App.....
2022-04-05 23:31:12,787 INFO com.ek.cab.prototype.rest.OrderTransactionController [qtp748006558-192] Sending a transaction.
2022-04-05 23:31:12,801 INFO com.ek.cab.prototype.rest.OrderTransactionController [qtp748006558-192] Publish object.[{
  "id" : "1",
  "from" : "Sameh",
  "to" : "Sameh"
}]
2022-04-05 23:31:12,828 INFO com.ek.cab.prototype.broker.jcsmp.TransactionMessageListener [Context_1_ConsumerDispatcher] TextMessage received:[Transaction(id=1, from=Sameh, to=Sameh)]
2022-04-05 23:31:17,083 INFO com.ek.cab.prototype.rest.OrderTransactionController [qtp748006558-171] Sending a transaction.
2022-04-05 23:31:17,083 INFO com.ek.cab.prototype.rest.OrderTransactionController [qtp748006558-171] Publish object.[{
  "id" : "1",
  "from" : "Sameh",
  "to" : "Sameh"
}]
2022-04-05 23:31:17,112 INFO com.ek.cab.prototype.broker.jcsmp.TransactionMessageListener [Context_1_ConsumerDispatcher] TextMessage received:[Transaction(id=1, from=Sameh, to=Sameh)]
2022-04-05 23:31:20,087 INFO com.ek.cab.prototype.rest.OrderTransactionController [qtp748006558-173] Sending a transaction.
2022-04-05 23:31:20,087 INFO com.ek.cab.prototype.rest.OrderTransactionController [qtp748006558-173] Publish object.[{
  "id" : "1",
  "from" : "Sameh",
  "to" : "Sameh"
}]
2022-04-05 23:31:20,095 INFO com.ek.cab.prototype.broker.jcsmp.TransactionMessageListener [Context_1_ConsumerDispatcher] TextMessage received:[Transaction(id=1, from=Sameh, to=Sameh)]
2022-04-05 23:31:39,473 INFO com.ek.cab.prototype.rest.OrderTransactionController [qtp748006558-174] Sending a transaction.
2022-04-05 23:31:39,473 INFO com.ek.cab.prototype.rest.OrderTransactionController [qtp748006558-174] Publish object.[{
  "id" : "100",
  "from" : "Sameh",
  "to" : "Sameh"
}]
2022-04-05 23:31:39,481 INFO com.ek.cab.prototype.broker.jcsmp.TransactionMessageListener [Context_1_ConsumerDispatcher] TextMessage received:[Transaction(id=100, from=Sameh, to=Sameh)]
